0.001743
0.835862
-14.3156
0.003288
0.835862
8.4822
0.006405
0.835862
0.53584
0.01264
0.835862
-24.4878
0.024016
0.835862
13.4129
0.04765
0.835862
22.2857
0.117254
0.835862
48.8505
0.136308
0.835862
15.0126
0.316959
0.835862
28.3612
0.544922
0.835862
241.053
1.06662
0.835862
-340.728
2.1774
0.835862
-1295.42
4.68678
0.835862
-756.244
9.48224
0.835862
-984.484
19.0249
0.563072
-1770.89
38.2275
0.563072
-3468.15
76.2416
-0.731181
6653.96
151.875
-0.00726988
1929.19
5652.69
0.856774
7147.1
10383.3
-0.543522
13260.8
22732.2
-0.913724
33961.8
