250
Time ELapsed 1.24554

179.891
Time ELapsed 0.045984

160.955
Time ELapsed 0.042528



-203
Time ELapsed 0.476128

-132.402
Time ELapsed 0.024544

196.397
Time ELapsed 0.035296



89
Time ELapsed 0.526336

323.595
Time ELapsed 0.030752

266.52
Time ELapsed 0.051136



-314
Time ELapsed 1.05882

845.229
Time ELapsed 0.05936

1024.4
Time ELapsed 0.14912



1096
Time ELapsed 0.702464

-855.138
Time ELapsed 0.239968

1207.85
Time ELapsed 0.791296



330
Time ELapsed 2.26202

-1323.53
Time ELapsed 1.6263

-605.83
Time ELapsed 5.67037



293
Time ELapsed 12.8348

92.944
Time ELapsed 12.2381

1367.86
Time ELapsed 43.9396



3873
Time ELapsed 105.874

-3256.4
Time ELapsed 101.882

-2369.58
Time ELapsed 335.532



-3808
Time ELapsed 803.721

-1915.89
Time ELapsed 792.458

6894.48
Time ELapsed 2688.3



5592
Time ELapsed 6370.61

6118.33
Time ELapsed 6351.25

108.52
Time ELapsed 21568.1



